<?xml version="1.0" encoding="UTF-8"?>
<!-- Generated by org.testng.reporters.JUnitReportReporter -->
<testsuite hostname="0760-2862" failures="0" tests="2" name="Test_RestAPI.TestsExamples" time="4.569" errors="0" timestamp="2023-04-26T18:28:46 IST" skipped="0">
  <testcase classname="Test_RestAPI.TestsExamples" name="test_2" time="1.391"/>
  <system-out/>
  <testcase classname="Test_RestAPI.TestsExamples" name="test_1" time="3.178"/>
  <system-out/>
</testsuite> <!-- Test_RestAPI.TestsExamples -->
