<?xml version="1.0" encoding="UTF-8"?>
<!-- Generated by org.testng.reporters.JUnitReportReporter -->
<testsuite hostname="DESKTOP-P3PK5F4" failures="0" tests="1" name="PawanKumar.Ways_to_create_request_PayLoad" time="3.921" errors="0" timestamp="2023-05-07T17:19:44 IST" skipped="0">
  <testcase classname="PawanKumar.Ways_to_create_request_PayLoad" name="testPostusingPOJO_Class" time="3.921"/>
  <system-out/>
</testsuite> <!-- PawanKumar.Ways_to_create_request_PayLoad -->
