<?xml version="1.0" encoding="UTF-8"?>
<!-- Generated by org.testng.reporters.JUnitReportReporter -->
<testsuite hostname="DESKTOP-P3PK5F4" failures="0" tests="4" name="PawanKumar.HttpRequest" time="9.849" errors="0" timestamp="2023-05-07T10:40:20 IST" skipped="0">
  <testcase classname="PawanKumar.HttpRequest" name="GetUser" time="6.828"/>
  <system-out/>
  <testcase classname="PawanKumar.HttpRequest" name="CreateUser" time="1.952"/>
  <system-out/>
  <testcase classname="PawanKumar.HttpRequest" name="UpdateUser" time="0.510"/>
  <system-out/>
  <testcase classname="PawanKumar.HttpRequest" name="deleteUser" time="0.559"/>
  <system-out/>
</testsuite> <!-- PawanKumar.HttpRequest -->
