<?xml version="1.0" encoding="UTF-8"?>
<!-- Generated by org.testng.reporters.JUnitReportReporter -->
<testsuite hostname="DESKTOP-P3PK5F4" failures="0" tests="1" name="Test_RestAPI.GetPostExamples" time="3.986" errors="0" timestamp="2023-04-27T09:08:05 IST" skipped="0">
  <testcase classname="Test_RestAPI.GetPostExamples" name="PostRequest" time="3.986"/>
  <system-out/>
</testsuite> <!-- Test_RestAPI.GetPostExamples -->
