<?xml version="1.0" encoding="UTF-8"?>
<!-- Generated by org.testng.reporters.JUnitReportReporter -->
<testsuite hostname="DESKTOP-P3PK5F4" failures="0" tests="1" name="PawanKumar.Parsing_JSON_Response" time="2.553" errors="0" timestamp="2023-05-13T18:20:44 IST" skipped="0">
  <testcase classname="PawanKumar.Parsing_JSON_Response" name="JSON_Respose_DATA" time="2.553"/>
  <system-out/>
</testsuite> <!-- PawanKumar.Parsing_JSON_Response -->
